Arguments: 
  C:\Program Files\nodejs\node.exe C:\Program Files (x86)\Yarn\bin\yarn.js init

PATH: 
  C:\Python38\Scripts\;C:\Python38\;C:\Program Files (x86)\Common Files\Oracle\Java\javapath;C:\Windows\system32;C:\Windows;C:\Windows\System32\Wbem;C:\Windows\System32\WindowsPowerShell\v1.0\;C:\Windows\System32\OpenSSH\;C:\Program Files\NetMake\v81\components\php;C:\Program Files (x86)\Common Files\Siemens\Energy\TimeZoneCalculations\bin;C:\Program Files (x86)\Common Files\EXFO\Bin;EXFO\Bin;C:\Program Files (x86)\EXFO\ToolBox\Applications;C:\Program Files (x86)\EXFO\ToolBox\MultLang;C:\Program Files (x86)\EXFO\ToolBox\Help;C:\Program Files (x86)\Microsoft SQL Server\150\DTS\Binn\;c:\Program Files (x86)\Microsoft SQL Server\100\Tools\Binn\;c:\Program Files (x86)\Microsoft SQL Server\100\DTS\Binn\;C:\Program Files (x86)\PuTTY\;C:\Users\PCC\AppData\Roaming\npm;C:\Gradle\bin;C:\ProgramData\chocolatey\bin;C:\Program Files\Java\jdk1.8.0_211\bin;C:\Users\PCC\AppData\Local\Android\Sdk\platform-tools;C:\Users\PCC\AppData\Local\Android\Sdk\tools;C:\Users\PCC\AppData\Local\Android\Sdk\platform-tools;C:\Program Files (x86)\Yarn\bin\;C:\Program Files\nodejs\;C:\Program Files\Git\cmd;C:\Users\PCC\AppData\Local\Microsoft\WindowsApps;C:\Users\PCC\AppData\Local\Programs\Microsoft VS Code\bin;C:\Gradle\bin;C:\Users\Usuário\AppData\Local\Android\Sdk\platform-tools;C:\Users\PCC\AppData\Local\Yarn\bin;C:\Users\PCC\AppData\Roaming\npm

Yarn version: 
  1.22.4

Node version: 
  14.4.0

Platform: 
  win32 x64

Trace: 
  Error: canceled
      at Interface.<anonymous> (C:\Program Files (x86)\Yarn\lib\cli.js:137008:13)
      at Interface.emit (events.js:315:20)
      at Interface._ttyWrite (readline.js:873:16)
      at ReadStream.onkeypress (readline.js:213:10)
      at ReadStream.emit (events.js:315:20)
      at emitKeys (internal/readline/utils.js:335:14)
      at emitKeys.next (<anonymous>)
      at ReadStream.onData (readline.js:1140:36)
      at ReadStream.emit (events.js:315:20)
      at addChunk (_stream_readable.js:302:12)

npm manifest: 
  No manifest

yarn manifest: 
  No manifest

Lockfile: 
  No lockfile
